#
# There is insufficient memory for the Java Runtime Environment to continue.
# Native memory allocation (malloc) failed to allocate 1173296 bytes for Chunk::new
# Possible reasons:
#   The system is out of physical RAM or swap space
#   The process is running with CompressedOops enabled, and the Java Heap may be blocking the growth of the native heap
# Possible solutions:
#   Reduce memory load on the system
#   Increase physical memory or swap space
#   Check if swap backing store is full
#   Decrease Java heap size (-Xmx/-Xms)
#   Decrease number of Java threads
#   Decrease Java thread stack sizes (-Xss)
#   Set larger code cache with -XX:ReservedCodeCacheSize=
#   JVM is running with Unscaled Compressed Oops mode in which the Java heap is
#     placed in the first 4GB address space. The Java Heap base address is the
#     maximum limit for the native heap growth. Please use -XX:HeapBaseMinAddress
#     to set the Java Heap base and to place the Java Heap above 4GB virtual address.
# This output file may be truncated or incomplete.
#
#  Out of Memory Error (allocation.cpp:389), pid=3944, tid=0x00000000000018b0
#
# JRE version: Java(TM) SE Runtime Environment (8.0_221-b11) (build 1.8.0_221-b11)
# Java VM: Java HotSpot(TM) 64-Bit Server VM (25.221-b11 mixed mode windows-amd64 compressed oops)
# Failed to write core dump. Minidumps are not enabled by default on client versions of Windows
#

---------------  T H R E A D  ---------------

Current thread (0x00000000575dc800):  JavaThread "C2 CompilerThread1" daemon [_thread_in_native, id=6320, stack(0x0000000059470000,0x0000000059570000)]

Stack: [0x0000000059470000,0x0000000059570000]
[error occurred during error reporting (printing stack bounds), id 0xc0000005]

Native frames: (J=compiled Java code, j=interpreted, Vv=VM code, C=native code)


Current CompileTask:
C2:   3419 2933       4       org.apache.maven.repository.internal.ArtifactDescriptorReaderDelegate::convert (205 bytes)


---------------  P R O C E S S  ---------------

Java Threads: ( => current thread )
  0x0000000058b4e800 JavaThread "Service Thread" daemon [_thread_blocked, id=9684, stack(0x0000000059620000,0x0000000059720000)]
  0x0000000058acd000 JavaThread "C1 CompilerThread2" daemon [_thread_in_native, id=9988, stack(0x0000000059360000,0x0000000059460000)]
=>0x00000000575dc800 JavaThread "C2 CompilerThread1" daemon [_thread_in_native, id=6320, stack(0x0000000059470000,0x0000000059570000)]
  0x00000000575d5800 JavaThread "C2 CompilerThread0" daemon [_thread_in_native, id=9056, stack(0x0000000059220000,0x0000000059320000)]
  0x00000000575d3800 JavaThread "Attach Listener" daemon [_thread_blocked, id=9084, stack(0x00000000590f0000,0x00000000591f0000)]
  0x00000000575d1800 JavaThread "Signal Dispatcher" daemon [_thread_blocked, id=9252, stack(0x0000000058ef0000,0x0000000058ff0000)]
  0x00000000575ba000 JavaThread "Finalizer" daemon [_thread_blocked, id=8940, stack(0x00000000589c0000,0x0000000058ac0000)]
  0x00000000575b3000 JavaThread "Reference Handler" daemon [_thread_blocked, id=8472, stack(0x00000000587c0000,0x00000000588c0000)]
  0x00000000002af000 JavaThread "main" [_thread_in_Java, id=8240, stack(0x0000000002590000,0x0000000002690000)]

Other Threads:
  0x000000005756b800 VMThread [stack: 0x0000000058570000,0x0000000058670000] [id=3928]
  0x0000000058af5800 WatcherThread [stack: 0x00000000597b0000,0x00000000598b0000] [id=10060]

VM state:not at safepoint (normal execution)

VM Mutex/Monitor currently owned by a thread: None

heap address: 0x0000000085000000, size: 1968 MB, Compressed Oops mode: 32-bit
Narrow klass base: 0x0000000000000000, Narrow klass shift: 0
Compressed class space size: 1073741824 Address: 0x0000000016be0000

Heap:
 PSYoungGen      total 132096K, used 85902K [0x00000000d7000000, 0x00000000df600000, 0x0000000100000000)
  eden space 126976K, 63% used [0x00000000d7000000,0x00000000dbeeba00,0x00000000dec00000)
  from space 5120K, 99% used [0x00000000df100000,0x00000000df5f8040,0x00000000df600000)
  to   space 5120K, 0% used [0x00000000dec00000,0x00000000dec00000,0x00000000df100000)
 ParOldGen       total 84992K, used 14688K [0x0000000085000000, 0x000000008a300000, 0x00000000d7000000)
  object space 84992K, 17% used [0x0000000085000000,0x0000000085e58060,0x000000008a300000)
 Metaspace       used 16308K, capacity 16552K, committed 16640K, reserved 1064960K
  class space    used 1892K, capacity 1980K, committed 2048K, reserved 1048576K

Card table byte_map: [0x0000000011d20000,0x0000000012100000] byte_map_base: 0x00000000118f8000

Marking Bits: (ParMarkBitMap*) 0x000000006aeb5ce0
 Begin Bits: [0x0000000012a80000, 0x0000000014940000)
 End Bits:   [0x0000000014940000, 0x0000000016800000)

Polling page: 0x0000000000120000

CodeCache: size=245760Kb used=10685Kb max_used=10685Kb free=235074Kb
 bounds [0x0000000002960000, 0x00000000033e0000, 0x0000000011960000]
 total_blobs=3538 nmethods=3172 adapters=279
 compilation: enabled

Compilation events (10 events):
Event: 3.399 Thread 0x0000000058acd000 nmethod 3179 0x00000000033c22d0 code [0x00000000033c29c0, 0x00000000033c55c8]
Event: 3.399 Thread 0x0000000058acd000 3180       2       org.eclipse.aether.internal.impl.DefaultArtifactResolver::resolveArtifact (19 bytes)
Event: 3.400 Thread 0x0000000058acd000 nmethod 3180 0x00000000033c9f50 code [0x00000000033ca0c0, 0x00000000033ca2f8]
Event: 3.400 Thread 0x00000000575d5800 nmethod 3056 0x00000000033ca410 code [0x00000000033cab20, 0x00000000033cefb8]
Event: 3.400 Thread 0x00000000575d5800 3094       4       java.util.HashMap::hash (20 bytes)
Event: 3.401 Thread 0x00000000575d5800 nmethod 3094 0x00000000033bf390 code [0x00000000033bf4c0, 0x00000000033bf578]
Event: 3.401 Thread 0x00000000575d5800 2975   !   4       org.codehaus.plexus.util.xml.pull.MXParser::parseComment (486 bytes)
Event: 3.401 Thread 0x0000000058acd000 3181       2       org.eclipse.aether.util.graph.selector.AndDependencySelector::hashCode (35 bytes)
Event: 3.402 Thread 0x0000000058acd000 nmethod 3181 0x00000000033c1f10 code [0x00000000033c2080, 0x00000000033c2228]
Event: 3.402 Thread 0x0000000058acd000 3182   !   2       org.eclipse.aether.internal.impl.DefaultDependencyCollector::filterVersions (196 bytes)

GC Heap History (8 events):
Event: 0.792 GC heap before
{Heap before GC invocations=1 (full 0):
 PSYoungGen      total 36864K, used 31744K [0x00000000d7000000, 0x00000000d9900000, 0x0000000100000000)
  eden space 31744K, 100% used [0x00000000d7000000,0x00000000d8f00000,0x00000000d8f00000)
  from space 5120K, 0% used [0x00000000d9400000,0x00000000d9400000,0x00000000d9900000)
  to   space 5120K, 0% used [0x00000000d8f00000,0x00000000d8f00000,0x00000000d9400000)
 ParOldGen       total 84992K, used 0K [0x0000000085000000, 0x000000008a300000, 0x00000000d7000000)
  object space 84992K, 0% used [0x0000000085000000,0x0000000085000000,0x000000008a300000)
 Metaspace       used 8522K, capacity 8684K, committed 8832K, reserved 1056768K
  class space    used 1044K, capacity 1112K, committed 1152K, reserved 1048576K
Event: 0.801 GC heap after
Heap after GC invocations=1 (full 0):
 PSYoungGen      total 36864K, used 5058K [0x00000000d7000000, 0x00000000db800000, 0x0000000100000000)
  eden space 31744K, 0% used [0x00000000d7000000,0x00000000d7000000,0x00000000d8f00000)
  from space 5120K, 98% used [0x00000000d8f00000,0x00000000d93f0af8,0x00000000d9400000)
  to   space 5120K, 0% used [0x00000000db300000,0x00000000db300000,0x00000000db800000)
 ParOldGen       total 84992K, used 8K [0x0000000085000000, 0x000000008a300000, 0x00000000d7000000)
  object space 84992K, 0% used [0x0000000085000000,0x0000000085002000,0x000000008a300000)
 Metaspace       used 8522K, capacity 8684K, committed 8832K, reserved 1056768K
  class space    used 1044K, capacity 1112K, committed 1152K, reserved 1048576K
}
Event: 1.238 GC heap before
{Heap before GC invocations=2 (full 0):
 PSYoungGen      total 36864K, used 36802K [0x00000000d7000000, 0x00000000db800000, 0x0000000100000000)
  eden space 31744K, 100% used [0x00000000d7000000,0x00000000d8f00000,0x00000000d8f00000)
  from space 5120K, 98% used [0x00000000d8f00000,0x00000000d93f0af8,0x00000000d9400000)
  to   space 5120K, 0% used [0x00000000db300000,0x00000000db300000,0x00000000db800000)
 ParOldGen       total 84992K, used 8K [0x0000000085000000, 0x000000008a300000, 0x00000000d7000000)
  object space 84992K, 0% used [0x0000000085000000,0x0000000085002000,0x000000008a300000)
 Metaspace       used 12034K, capacity 12248K, committed 12416K, reserved 1060864K
  class space    used 1492K, capacity 1572K, committed 1664K, reserved 1048576K
Event: 1.245 GC heap after
Heap after GC invocations=2 (full 0):
 PSYoungGen      total 68608K, used 5117K [0x00000000d7000000, 0x00000000db800000, 0x0000000100000000)
  eden space 63488K, 0% used [0x00000000d7000000,0x00000000d7000000,0x00000000dae00000)
  from space 5120K, 99% used [0x00000000db300000,0x00000000db7ff7b0,0x00000000db800000)
  to   space 5120K, 0% used [0x00000000dae00000,0x00000000dae00000,0x00000000db300000)
 ParOldGen       total 84992K, used 1811K [0x0000000085000000, 0x000000008a300000, 0x00000000d7000000)
  object space 84992K, 2% used [0x0000000085000000,0x00000000851c4d00,0x000000008a300000)
 Metaspace       used 12034K, capacity 12248K, committed 12416K, reserved 1060864K
  class space    used 1492K, capacity 1572K, committed 1664K, reserved 1048576K
}
Event: 2.232 GC heap before
{Heap before GC invocations=3 (full 0):
 PSYoungGen      total 68608K, used 68605K [0x00000000d7000000, 0x00000000db800000, 0x0000000100000000)
  eden space 63488K, 100% used [0x00000000d7000000,0x00000000dae00000,0x00000000dae00000)
  from space 5120K, 99% used [0x00000000db300000,0x00000000db7ff7b0,0x00000000db800000)
  to   space 5120K, 0% used [0x00000000dae00000,0x00000000dae00000,0x00000000db300000)
 ParOldGen       total 84992K, used 1811K [0x0000000085000000, 0x000000008a300000, 0x00000000d7000000)
  object space 84992K, 2% used [0x0000000085000000,0x00000000851c4d00,0x000000008a300000)
 Metaspace       used 15356K, capacity 15582K, committed 15872K, reserved 1062912K
  class space    used 1848K, capacity 1941K, committed 2048K, reserved 1048576K
Event: 2.250 GC heap after
Heap after GC invocations=3 (full 0):
 PSYoungGen      total 68608K, used 5088K [0x00000000d7000000, 0x00000000df600000, 0x0000000100000000)
  eden space 63488K, 0% used [0x00000000d7000000,0x00000000d7000000,0x00000000dae00000)
  from space 5120K, 99% used [0x00000000dae00000,0x00000000db2f8040,0x00000000db300000)
  to   space 5120K, 0% used [0x00000000df100000,0x00000000df100000,0x00000000df600000)
 ParOldGen       total 84992K, used 8274K [0x0000000085000000, 0x000000008a300000, 0x00000000d7000000)
  object space 84992K, 9% used [0x0000000085000000,0x0000000085814918,0x000000008a300000)
 Metaspace       used 15356K, capacity 15582K, committed 15872K, reserved 1062912K
  class space    used 1848K, capacity 1941K, committed 2048K, reserved 1048576K
}
Event: 2.762 GC heap before
{Heap before GC invocations=4 (full 0):
 PSYoungGen      total 68608K, used 68576K [0x00000000d7000000, 0x00000000df600000, 0x0000000100000000)
  eden space 63488K, 100% used [0x00000000d7000000,0x00000000dae00000,0x00000000dae00000)
  from space 5120K, 99% used [0x00000000dae00000,0x00000000db2f8040,0x00000000db300000)
  to   space 5120K, 0% used [0x00000000df100000,0x00000000df100000,0x00000000df600000)
 ParOldGen       total 84992K, used 8274K [0x0000000085000000, 0x000000008a300000, 0x00000000d7000000)
  object space 84992K, 9% used [0x0000000085000000,0x0000000085814918,0x000000008a300000)
 Metaspace       used 15775K, capacity 16022K, committed 16128K, reserved 1062912K
  class space    used 1873K, capacity 1977K, committed 2048K, reserved 1048576K
Event: 2.782 GC heap after
Heap after GC invocations=4 (full 0):
 PSYoungGen      total 132096K, used 5088K [0x00000000d7000000, 0x00000000df600000, 0x0000000100000000)
  eden space 126976K, 0% used [0x00000000d7000000,0x00000000d7000000,0x00000000dec00000)
  from space 5120K, 99% used [0x00000000df100000,0x00000000df5f8040,0x00000000df600000)
  to   space 5120K, 0% used [0x00000000dec00000,0x00000000dec00000,0x00000000df100000)
 ParOldGen       total 84992K, used 14688K [0x0000000085000000, 0x000000008a300000, 0x00000000d7000000)
  object space 84992K, 17% used [0x0000000085000000,0x0000000085e58060,0x000000008a300000)
 Metaspace       used 15775K, capacity 16022K, committed 16128K, reserved 1062912K
  class space    used 1873K, capacity 1977K, committed 2048K, reserved 1048576K
}

Deoptimization events (10 events):
Event: 2.755 Thread 0x00000000002af000 Uncommon trap: reason=predicate action=maybe_recompile pc=0x0000000002c38600 method=java.nio.charset.CharsetDecoder.decode(Ljava/nio/ByteBuffer;Ljava/nio/CharBuffer;Z)Ljava/nio/charset/CoderResult; @ 54
Event: 3.115 Thread 0x00000000002af000 Uncommon trap: reason=bimorphic action=maybe_recompile pc=0x0000000002f1b700 method=java.util.concurrent.ConcurrentHashMap.get(Ljava/lang/Object;)Ljava/lang/Object; @ 149
Event: 3.128 Thread 0x00000000002af000 Uncommon trap: reason=speculate_class_check action=maybe_recompile pc=0x00000000032cf25c method=java.nio.charset.CharsetDecoder.decode(Ljava/nio/ByteBuffer;Ljava/nio/CharBuffer;Z)Ljava/nio/charset/CoderResult; @ 57
Event: 3.128 Thread 0x00000000002af000 Uncommon trap: reason=speculate_class_check action=maybe_recompile pc=0x00000000032cf25c method=java.nio.charset.CharsetDecoder.decode(Ljava/nio/ByteBuffer;Ljava/nio/CharBuffer;Z)Ljava/nio/charset/CoderResult; @ 57
Event: 3.129 Thread 0x00000000002af000 Uncommon trap: reason=speculate_class_check action=maybe_recompile pc=0x00000000032cf25c method=java.nio.charset.CharsetDecoder.decode(Ljava/nio/ByteBuffer;Ljava/nio/CharBuffer;Z)Ljava/nio/charset/CoderResult; @ 57
Event: 3.129 Thread 0x00000000002af000 Uncommon trap: reason=speculate_class_check action=maybe_recompile pc=0x00000000032cf25c method=java.nio.charset.CharsetDecoder.decode(Ljava/nio/ByteBuffer;Ljava/nio/CharBuffer;Z)Ljava/nio/charset/CoderResult; @ 57
Event: 3.147 Thread 0x00000000002af000 Uncommon trap: reason=bimorphic action=maybe_recompile pc=0x0000000002f1b700 method=java.util.concurrent.ConcurrentHashMap.get(Ljava/lang/Object;)Ljava/lang/Object; @ 149
Event: 3.196 Thread 0x00000000002af000 Uncommon trap: reason=null_check action=make_not_entrant pc=0x000000000337ea70 method=org.apache.maven.model.validation.DefaultModelValidator.validateEffectiveDependency(Lorg/apache/maven/model/building/ModelProblemCollector;Lorg/apache/maven/model/Depend
Event: 3.249 Thread 0x00000000002af000 Uncommon trap: reason=unstable_if action=reinterpret pc=0x00000000031bceb8 method=java.util.HashMap.getNode(ILjava/lang/Object;)Ljava/util/HashMap$Node; @ 53
Event: 3.249 Thread 0x00000000002af000 Uncommon trap: reason=unstable_if action=reinterpret pc=0x0000000002d65ef4 method=java.util.HashMap.getNode(ILjava/lang/Object;)Ljava/util/HashMap$Node; @ 53

Classes redefined (0 events):
No events

Internal exceptions (10 events):
Event: 1.593 Thread 0x00000000002af000 Exception <a 'java/lang/NullPointerException'> (0x00000000d7dfb188) thrown at [C:\re\workspace\8-2-build-windows-amd64-cygwin\jdk8u221\13320\hotspot\src\share\vm\interpreter\linkResolver.cpp, line 1185]
Event: 1.593 Thread 0x00000000002af000 Exception <a 'java/lang/NullPointerException'> (0x00000000d7dfb3a0) thrown at [C:\re\workspace\8-2-build-windows-amd64-cygwin\jdk8u221\13320\hotspot\src\share\vm\interpreter\linkResolver.cpp, line 1185]
Event: 1.621 Thread 0x00000000002af000 Implicit null exception at 0x0000000002ca8a86 to 0x0000000002ca8e21
Event: 1.621 Thread 0x00000000002af000 Implicit null exception at 0x0000000002b3fc06 to 0x0000000002b3ffa1
Event: 1.795 Thread 0x00000000002af000 Implicit null exception at 0x0000000002f5167d to 0x0000000002f528d1
Event: 2.327 Thread 0x00000000002af000 Implicit null exception at 0x0000000002d796c5 to 0x0000000002d79899
Event: 2.327 Thread 0x00000000002af000 Implicit null exception at 0x0000000002d48eaf to 0x0000000002d48f15
Event: 2.409 Thread 0x00000000002af000 Implicit null exception at 0x00000000030d4d0f to 0x00000000030d5211
Event: 2.480 Thread 0x00000000002af000 Implicit null exception at 0x00000000031b5e1f to 0x00000000031b6061
Event: 3.196 Thread 0x00000000002af000 Implicit null exception at 0x000000000337b630 to 0x000000000337ea65

Events (10 events):
Event: 3.294 loading class org/apache/maven/plugin/internal/WagonExcluder
Event: 3.294 loading class org/apache/maven/plugin/internal/WagonExcluder done
Event: 3.306 Thread 0x00000000002af000 DEOPT PACKING pc=0x0000000002fdac8a sp=0x000000000268ce60
Event: 3.306 Thread 0x00000000002af000 DEOPT UNPACKING pc=0x00000000029a7490 sp=0x000000000268cbf8 mode 0
Event: 3.334 Thread 0x00000000002af000 DEOPT PACKING pc=0x0000000002fdac8a sp=0x000000000268c2f0
Event: 3.334 Thread 0x00000000002af000 DEOPT UNPACKING pc=0x00000000029a7490 sp=0x000000000268c088 mode 0
Event: 3.346 Thread 0x00000000002af000 DEOPT PACKING pc=0x0000000002f55842 sp=0x000000000268c3d0
Event: 3.346 Thread 0x00000000002af000 DEOPT UNPACKING pc=0x00000000029a7490 sp=0x000000000268c138 mode 0
Event: 3.387 Thread 0x00000000002af000 DEOPT PACKING pc=0x0000000002fdac8a sp=0x000000000268cc60
Event: 3.387 Thread 0x00000000002af000 DEOPT UNPACKING pc=0x00000000029a7490 sp=0x000000000268c9f8 mode 0


Dynamic libraries:
0x000000013f400000 - 0x000000013f437000 	C:\Program Files\Java\jdk1.8.0_221\jre\bin\javaw.exe
0x00000000774f0000 - 0x000000007769b000 	C:\Windows\SYSTEM32\ntdll.dll
0x00000000773d0000 - 0x00000000774ef000 	C:\Windows\system32\kernel32.dll
0x000007fefd770000 - 0x000007fefd7db000 	C:\Windows\system32\KERNELBASE.dll
0x000007fefd870000 - 0x000007fefd94b000 	C:\Windows\system32\ADVAPI32.dll
0x000007feff3a0000 - 0x000007feff43f000 	C:\Windows\system32\msvcrt.dll
0x000007fefd9c0000 - 0x000007fefd9df000 	C:\Windows\SYSTEM32\sechost.dll
0x000007fefeae0000 - 0x000007fefec0e000 	C:\Windows\system32\RPCRT4.dll
0x00000000772d0000 - 0x00000000773ca000 	C:\Windows\system32\USER32.dll
0x000007fefd950000 - 0x000007fefd9b7000 	C:\Windows\system32\GDI32.dll
0x000007fefeec0000 - 0x000007fefeece000 	C:\Windows\system32\LPK.dll
0x000007feff2d0000 - 0x000007feff39a000 	C:\Windows\system32\USP10.dll
0x000007fefb9a0000 - 0x000007fefbb94000 	C:\Windows\WinSxS\amd64_microsoft.windows.common-controls_6595b64144ccf1df_6.0.7600.16385_none_fa645303170382f6\COMCTL32.dll
0x000007fefee20000 - 0x000007fefee91000 	C:\Windows\system32\SHLWAPI.dll
0x000007feff440000 - 0x000007feff46e000 	C:\Windows\system32\IMM32.DLL
0x000007fefd9e0000 - 0x000007fefdae9000 	C:\Windows\system32\MSCTF.dll
0x0000000073b00000 - 0x0000000073bd2000 	C:\Program Files\Java\jdk1.8.0_221\jre\bin\msvcr100.dll
0x000000006a690000 - 0x000000006af35000 	C:\Program Files\Java\jdk1.8.0_221\jre\bin\server\jvm.dll
0x000007fef6a30000 - 0x000007fef6a39000 	C:\Windows\system32\WSOCK32.dll
0x000007fefd820000 - 0x000007fefd86d000 	C:\Windows\system32\WS2_32.dll
0x000007fefdd40000 - 0x000007fefdd48000 	C:\Windows\system32\NSI.dll
0x000007fef9df0000 - 0x000007fef9e2b000 	C:\Windows\system32\WINMM.dll
0x000007fefc5c0000 - 0x000007fefc5cc000 	C:\Windows\system32\VERSION.dll
0x00000000776c0000 - 0x00000000776c7000 	C:\Windows\system32\PSAPI.DLL
0x000007fefb860000 - 0x000007fefb86f000 	C:\Program Files\Java\jdk1.8.0_221\jre\bin\verify.dll
0x000007feeea10000 - 0x000007feeea39000 	C:\Program Files\Java\jdk1.8.0_221\jre\bin\java.dll
0x000007feeef30000 - 0x000007feeef46000 	C:\Program Files\Java\jdk1.8.0_221\jre\bin\zip.dll
0x000007fefdd50000 - 0x000007fefead6000 	C:\Windows\system32\SHELL32.dll
0x000007fefec10000 - 0x000007fefee11000 	C:\Windows\system32\ole32.dll
0x000007fefd450000 - 0x000007fefd45f000 	C:\Windows\system32\profapi.dll
0x000007fefcd20000 - 0x000007fefcd37000 	C:\Windows\system32\CRYPTSP.dll
0x000007fefc9e0000 - 0x000007fefca27000 	C:\Windows\system32\rsaenh.dll
0x000007fefc7a0000 - 0x000007fefc7be000 	C:\Windows\system32\USERENV.dll
0x000007fefd380000 - 0x000007fefd38f000 	C:\Windows\system32\CRYPTBASE.dll
0x000007fef0b20000 - 0x000007fef0b3a000 	C:\Program Files\Java\jdk1.8.0_221\jre\bin\net.dll
0x000007fefdaf0000 - 0x000007fefdc68000 	C:\Windows\system32\urlmon.dll
0x000007feff1f0000 - 0x000007feff2c7000 	C:\Windows\system32\OLEAUT32.dll
0x000007fefd500000 - 0x000007fefd666000 	C:\Windows\system32\CRYPT32.dll
0x000007fefd4f0000 - 0x000007fefd4ff000 	C:\Windows\system32\MSASN1.dll
0x000007feff470000 - 0x000007feff6c8000 	C:\Windows\system32\iertutil.dll
0x000007fefccc0000 - 0x000007fefcd14000 	C:\Windows\system32\mswsock.dll
0x000007fefccb0000 - 0x000007fefccb7000 	C:\Windows\System32\wship6.dll
0x000007fefb120000 - 0x000007fefb147000 	C:\Windows\system32\IPHLPAPI.DLL
0x000007fefb110000 - 0x000007fefb11b000 	C:\Windows\system32\WINNSI.DLL
0x000007fefaf70000 - 0x000007fefaf81000 	C:\Windows\system32\dhcpcsvc6.DLL
0x000007fefaf90000 - 0x000007fefafa8000 	C:\Windows\system32\dhcpcsvc.DLL
0x000007feeea50000 - 0x000007feeea62000 	C:\Program Files\Java\jdk1.8.0_221\jre\bin\nio.dll
0x000007fefa070000 - 0x000007fefa07a000 	C:\Users\pc\AppData\Local\Temp\jansi-1.17-1903857391415634765.dll
0x000007fef9270000 - 0x000007fef927a000 	C:\Users\pc\AppData\Local\Temp\jansi-1.17-6015918637805757870.dll

VM Arguments:
jvm_args: -Dmaven.home=EMBEDDED -Dclassworlds.conf=D:\CEIR_FOLDER\.metadata\.plugins\org.eclipse.m2e.launching\launches\m2conf3610406709435835004.tmp -Dmaven.multiModuleProjectDirectory=C:\Users\pc\git\AndHalf\CeirPannelCode -Dfile.encoding=UTF-8 
java_command: org.codehaus.plexus.classworlds.launcher.Launcher -B install
java_class_path (initial): C:\Users\pc\.p2\pool\plugins\org.eclipse.m2e.maven.runtime_1.10.0.20181127-2120\jars\plexus-classworlds-2.5.2.jar
Launcher Type: SUN_STANDARD

Environment Variables:
PATH=C:/Users/pc/eclipse/jee-2018-12/eclipse/jre/bin/server;C:/Users/pc/eclipse/jee-2018-12/eclipse/jre/bin;C:/Users/pc/eclipse/jee-2018-12/eclipse/jre/lib/amd64;C:\Program Files (x86)\Common Files\Oracle\Java\javapath;C:\Windows\system32;C:\Windows;C:\Windows\System32\Wbem;C:\Windows\System32\WindowsPowerShell\v1.0\;C:\Program Files\PuTTY\;C:\Program Files\Microsoft VS Code\bin;C:\Program Files\nodejs\;C:\Users\pc\AppData\Roaming\npm;C:\Windows\system32;
USERNAME=pc
OS=Windows_NT
PROCESSOR_IDENTIFIER=Intel64 Family 6 Model 58 Stepping 9, GenuineIntel



---------------  S Y S T E M  ---------------

OS: Windows 7 , 64 bit Build 7600 (6.1.7600.16385)

CPU:total 4 (initial active 4) (2 cores per cpu, 2 threads per core) family 6 model 58 stepping 9, cmov, cx8, fxsr, mmx, sse, sse2, sse3, ssse3, sse4.1, sse4.2, popcnt, aes, clmul, erms, ht, tsc, tscinvbit, tscinv

Memory: 4k page, physical 8060352k(831668k free), swap 31549160k(22832k free)

vm_info: Java HotSpot(TM) 64-Bit Server VM (25.221-b11) for windows-amd64 JRE (1.8.0_221-b11), built on Jul  4 2019 04:39:29 by "java_re" with MS VC++ 10.0 (VS2010)

time: Fri Feb 07 15:54:36 2020
timezone: India Standard Time
elapsed time: 3 seconds (0d 0h 0m 3s)

